Using pre-set license
Built from '2020.3/staging' branch; Version is '2020.3.5f1 (8095aa901b9b) revision 8426922'; Using compiler version '192528614'; Build Type 'Release'
OS: 'Windows 10 Home; OS build 19042.1110; Version 2009; 64bit' Language: 'tr' Physical Memory: 16272 MB
BatchMode: 1, IsHumanControllingUs: 0, StartBugReporterOnCrash: 0, Is64bit: 1, IsPro: 0

 COMMAND LINE ARGUMENTS:
D:\Unity\2020.3.5f1\Editor\Unity.exe
-adb2
-batchMode
-noUpm
-name
AssetImportWorker0
-projectPath
D:/GitHub/UnityLessons_Vertigo/Tank_Online
-logFile
Logs/AssetImportWorker0.log
-srvPort
64890
Successfully changed project path to: D:/GitHub/UnityLessons_Vertigo/Tank_Online
D:/GitHub/UnityLessons_Vertigo/Tank_Online
Using Asset Import Pipeline V2.
Refreshing native plugins compatible for Editor in 24.45 ms, found 0 plugins.
Preloading 0 native plugins for Editor in 0.00 ms.
Initialize engine version: 2020.3.5f1 (8095aa901b9b)
[Subsystems] Discovering subsystems at path D:/Unity/2020.3.5f1/Editor/Data/Resources/UnitySubsystems
[Subsystems] Discovering subsystems at path D:/GitHub/UnityLessons_Vertigo/Tank_Online/Assets
GfxDevice: creating device client; threaded=0
Direct3D:
    Version:  Direct3D 11.0 [level 11.1]
    Renderer: NVIDIA GeForce GTX 1050 Ti (ID=0x1c8c)
    Vendor:   
    VRAM:     4018 MB
    Driver:   27.21.14.6192
Initialize mono
Mono path[0] = 'D:/Unity/2020.3.5f1/Editor/Data/Managed'
Mono path[1] = 'D:/Unity/2020.3.5f1/Editor/Data/MonoBleedingEdge/lib/mono/unityjit'
Mono config path = 'D:/Unity/2020.3.5f1/Editor/Data/MonoBleedingEdge/etc'
Using monoOptions --debugger-agent=transport=dt_socket,embedding=1,server=y,suspend=n,address=127.0.0.1:56800
Begin MonoManager ReloadAssembly
Registering precompiled unity dll's ...
Register platform support module: D:/Unity/2020.3.5f1/Editor/Data/PlaybackEngines/WebGLSupport/UnityEditor.WebGL.Extensions.dll
Register platform support module: D:/Unity/2020.3.5f1/Editor/Data/PlaybackEngines/WindowsStandaloneSupport/UnityEditor.WindowsStandalone.Extensions.dll
Registered in 0.001302 seconds.
Native extension for WindowsStandalone target not found
Native extension for WebGL target not found
Refreshing native plugins compatible for Editor in 23.85 ms, found 0 plugins.
Preloading 0 native plugins for Editor in 0.00 ms.
Mono: successfully reloaded assembly
- Completed reload, in  1.519 seconds
Platform modules already initialized, skipping
Registering precompiled user dll's ...
Registered in 0.000535 seconds.
Begin MonoManager ReloadAssembly
Native extension for WindowsStandalone target not found
Native extension for WebGL target not found
Refreshing native plugins compatible for Editor in 0.19 ms, found 0 plugins.
Preloading 0 native plugins for Editor in 0.00 ms.
Mono: successfully reloaded assembly
- Completed reload, in  0.849 seconds
Platform modules already initialized, skipping
========================================================================
Worker process is ready to serve import requests
Launched and connected shader compiler UnityShaderCompiler.exe after 0.06 seconds
Refreshing native plugins compatible for Editor in 0.27 ms, found 0 plugins.
Preloading 0 native plugins for Editor in 0.00 ms.
Unloading 1120 Unused Serialized files (Serialized files now loaded: 0)
System memory in use before: 57.3 MB.
System memory in use after: 57.3 MB.

Unloading 10 unused Assets to reduce memory usage. Loaded Objects now: 1562.
Total: 2.021600 ms (FindLiveObjects: 0.141800 ms CreateObjectMapping: 0.045700 ms MarkObjects: 1.747400 ms  DeleteObjects: 0.085500 ms)

========================================================================
Received Import Request.
  path: Assets/ScriptableObjects/ControlRigidbodySettings_default.asset
  artifactKey: Guid(bac112483f3e6fe45aa06ece866f8297) Importer(815301076,1909f56bfc062723c751e8b465ee728b)
Start importing Assets/ScriptableObjects/ControlRigidbodySettings_default.asset using Guid(bac112483f3e6fe45aa06ece866f8297) Importer(815301076,1909f56bfc062723c751e8b465ee728b)  -> (artifact id: '5f10c5eed649c4e77d47b1c6e12aa7c7') in 0.053639 seconds
  Import took 0.055852 seconds .

========================================================================
Received Prepare
Refreshing native plugins compatible for Editor in 0.59 ms, found 0 plugins.
Preloading 0 native plugins for Editor in 0.00 ms.
Unloading 3 Unused Serialized files (Serialized files now loaded: 0)
System memory in use before: 35.0 MB.
System memory in use after: 35.1 MB.

Unloading 3 unused Assets to reduce memory usage. Loaded Objects now: 1562.
Total: 3.564300 ms (FindLiveObjects: 0.275000 ms CreateObjectMapping: 0.122200 ms MarkObjects: 3.073600 ms  DeleteObjects: 0.091800 ms)

========================================================================
Received Import Request.
  Time since last request: 848.029592 seconds.
  path: Assets/TopDownShooter/LocalPlayer.prefab
  artifactKey: Guid(f12e52ca7d97e6e42a681361b6e8a603) Importer(815301076,1909f56bfc062723c751e8b465ee728b)
Start importing Assets/TopDownShooter/LocalPlayer.prefab using Guid(f12e52ca7d97e6e42a681361b6e8a603) Importer(815301076,1909f56bfc062723c751e8b465ee728b)  -> (artifact id: 'af2ab6d9f0b37cecf0d4bbaa53ac85f4') in 0.143623 seconds
  Import took 0.146287 seconds .

========================================================================
Received Prepare
Registering precompiled user dll's ...
Registered in 0.000599 seconds.
Begin MonoManager ReloadAssembly
Native extension for WindowsStandalone target not found
Native extension for WebGL target not found
Refreshing native plugins compatible for Editor in 0.20 ms, found 0 plugins.
Preloading 0 native plugins for Editor in 0.00 ms.
Mono: successfully reloaded assembly
- Completed reload, in  0.834 seconds
Platform modules already initialized, skipping
Refreshing native plugins compatible for Editor in 0.19 ms, found 0 plugins.
Preloading 0 native plugins for Editor in 0.00 ms.
Unloading 1115 Unused Serialized files (Serialized files now loaded: 0)
System memory in use before: 60.3 MB.
System memory in use after: 60.4 MB.

Unloading 5 unused Assets to reduce memory usage. Loaded Objects now: 1572.
Total: 1.928000 ms (FindLiveObjects: 0.132300 ms CreateObjectMapping: 0.032900 ms MarkObjects: 1.670400 ms  DeleteObjects: 0.091700 ms)

========================================================================
Received Import Request.
  Time since last request: 58.733923 seconds.
  path: Assets/TopDownShooter/Scripts
  artifactKey: Guid(fe0af5001d9c9d849a4c651c6101b343) Importer(815301076,1909f56bfc062723c751e8b465ee728b)
Start importing Assets/TopDownShooter/Scripts using Guid(fe0af5001d9c9d849a4c651c6101b343) Importer(815301076,1909f56bfc062723c751e8b465ee728b)  -> (artifact id: '0bd7d3a58635c0f9cfa5f63e546e6a48') in 0.009018 seconds
  Import took 0.011641 seconds .

========================================================================
Received Import Request.
  Time since last request: 39.796300 seconds.
  path: Assets/TopDownShooter/Scripts/Camera
  artifactKey: Guid(8c9473dc97ba0034bbd78b8d536c4ffd) Importer(815301076,1909f56bfc062723c751e8b465ee728b)
Start importing Assets/TopDownShooter/Scripts/Camera using Guid(8c9473dc97ba0034bbd78b8d536c4ffd) Importer(815301076,1909f56bfc062723c751e8b465ee728b)  -> (artifact id: 'b4add0d1cfe638a9b61a000d52abd09a') in 0.008403 seconds
  Import took 0.011092 seconds .

========================================================================
Received Import Request.
  Time since last request: 13.419228 seconds.
  path: Assets/TopDownShooter/Scripts/Camera/CameraSettings.cs
  artifactKey: Guid(44655a76556ef304fb712af2ca7e444e) Importer(815301076,1909f56bfc062723c751e8b465ee728b)
Start importing Assets/TopDownShooter/Scripts/Camera/CameraSettings.cs using Guid(44655a76556ef304fb712af2ca7e444e) Importer(815301076,1909f56bfc062723c751e8b465ee728b)  -> (artifact id: '116c438c54b731bedcf0bce983383545') in 0.013239 seconds
  Import took 0.015523 seconds .

========================================================================
Received Prepare
Registering precompiled user dll's ...
Registered in 0.000555 seconds.
Begin MonoManager ReloadAssembly
Native extension for WindowsStandalone target not found
Native extension for WebGL target not found
Refreshing native plugins compatible for Editor in 0.19 ms, found 0 plugins.
Preloading 0 native plugins for Editor in 0.00 ms.
Mono: successfully reloaded assembly
- Completed reload, in  0.903 seconds
Platform modules already initialized, skipping
Refreshing native plugins compatible for Editor in 0.20 ms, found 0 plugins.
Preloading 0 native plugins for Editor in 0.00 ms.
Unloading 1116 Unused Serialized files (Serialized files now loaded: 0)
System memory in use before: 60.4 MB.
System memory in use after: 60.5 MB.

Unloading 5 unused Assets to reduce memory usage. Loaded Objects now: 1576.
Total: 2.254000 ms (FindLiveObjects: 0.143300 ms CreateObjectMapping: 0.115300 ms MarkObjects: 1.938700 ms  DeleteObjects: 0.055600 ms)

========================================================================
Received Import Request.
  Time since last request: 25.481852 seconds.
  path: Assets/TopDownShooter/Scripts/Camera/CameraController.cs
  artifactKey: Guid(d2be8cde40a393449a4e0fa152e3f05b) Importer(815301076,1909f56bfc062723c751e8b465ee728b)
Start importing Assets/TopDownShooter/Scripts/Camera/CameraController.cs using Guid(d2be8cde40a393449a4e0fa152e3f05b) Importer(815301076,1909f56bfc062723c751e8b465ee728b)  -> (artifact id: 'bd12b1c3be69bff1a178b0ae0bd0bd57') in 0.012698 seconds
  Import took 0.016392 seconds .

========================================================================
Received Prepare
Registering precompiled user dll's ...
Registered in 0.000536 seconds.
Begin MonoManager ReloadAssembly
Native extension for WindowsStandalone target not found
Native extension for WebGL target not found
Refreshing native plugins compatible for Editor in 0.21 ms, found 0 plugins.
Preloading 0 native plugins for Editor in 0.00 ms.
Mono: successfully reloaded assembly
- Completed reload, in  0.863 seconds
Platform modules already initialized, skipping
Refreshing native plugins compatible for Editor in 0.19 ms, found 0 plugins.
Preloading 0 native plugins for Editor in 0.00 ms.
Unloading 1117 Unused Serialized files (Serialized files now loaded: 0)
System memory in use before: 60.4 MB.
System memory in use after: 60.5 MB.

Unloading 5 unused Assets to reduce memory usage. Loaded Objects now: 1580.
Total: 2.006000 ms (FindLiveObjects: 0.133100 ms CreateObjectMapping: 0.040300 ms MarkObjects: 1.782800 ms  DeleteObjects: 0.048600 ms)

========================================================================
Received Prepare
Registering precompiled user dll's ...
Registered in 0.000886 seconds.
Begin MonoManager ReloadAssembly
Native extension for WindowsStandalone target not found
Native extension for WebGL target not found
Refreshing native plugins compatible for Editor in 0.33 ms, found 0 plugins.
Preloading 0 native plugins for Editor in 0.00 ms.
Mono: successfully reloaded assembly
- Completed reload, in  0.772 seconds
Platform modules already initialized, skipping
Refreshing native plugins compatible for Editor in 0.20 ms, found 0 plugins.
Preloading 0 native plugins for Editor in 0.00 ms.
Unloading 1117 Unused Serialized files (Serialized files now loaded: 0)
System memory in use before: 60.4 MB.
System memory in use after: 60.5 MB.

Unloading 5 unused Assets to reduce memory usage. Loaded Objects now: 1583.
Total: 1.780200 ms (FindLiveObjects: 0.132400 ms CreateObjectMapping: 0.038600 ms MarkObjects: 1.558300 ms  DeleteObjects: 0.049500 ms)

========================================================================
Received Import Request.
  Time since last request: 486.986437 seconds.
  path: Assets/TopDownShooter/Scripts/Camera/CameraSettings.cs
  artifactKey: Guid(44655a76556ef304fb712af2ca7e444e) Importer(815301076,1909f56bfc062723c751e8b465ee728b)
Start importing Assets/TopDownShooter/Scripts/Camera/CameraSettings.cs using Guid(44655a76556ef304fb712af2ca7e444e) Importer(815301076,1909f56bfc062723c751e8b465ee728b)  -> (artifact id: '462c6abec6bd02545e2fca67819c9deb') in 0.009849 seconds
  Import took 0.012050 seconds .

========================================================================
Received Prepare
Registering precompiled user dll's ...
Registered in 0.000503 seconds.
Begin MonoManager ReloadAssembly
Native extension for WindowsStandalone target not found
Native extension for WebGL target not found
Refreshing native plugins compatible for Editor in 0.19 ms, found 0 plugins.
Preloading 0 native plugins for Editor in 0.00 ms.
Mono: successfully reloaded assembly
- Completed reload, in  0.808 seconds
Platform modules already initialized, skipping
Refreshing native plugins compatible for Editor in 0.19 ms, found 0 plugins.
Preloading 0 native plugins for Editor in 0.00 ms.
Unloading 1117 Unused Serialized files (Serialized files now loaded: 0)
System memory in use before: 60.5 MB.
System memory in use after: 60.5 MB.

Unloading 5 unused Assets to reduce memory usage. Loaded Objects now: 1586.
Total: 2.009700 ms (FindLiveObjects: 0.157700 ms CreateObjectMapping: 0.039500 ms MarkObjects: 1.760100 ms  DeleteObjects: 0.051300 ms)

========================================================================
Received Prepare
Registering precompiled user dll's ...
Registered in 0.000544 seconds.
Begin MonoManager ReloadAssembly
Native extension for WindowsStandalone target not found
Native extension for WebGL target not found
Refreshing native plugins compatible for Editor in 0.19 ms, found 0 plugins.
Preloading 0 native plugins for Editor in 0.00 ms.
Mono: successfully reloaded assembly
- Completed reload, in  0.839 seconds
Platform modules already initialized, skipping
Refreshing native plugins compatible for Editor in 0.21 ms, found 0 plugins.
Preloading 0 native plugins for Editor in 0.00 ms.
Unloading 1117 Unused Serialized files (Serialized files now loaded: 0)
System memory in use before: 60.5 MB.
System memory in use after: 60.5 MB.

Unloading 5 unused Assets to reduce memory usage. Loaded Objects now: 1589.
Total: 2.233800 ms (FindLiveObjects: 0.350500 ms CreateObjectMapping: 0.063300 ms MarkObjects: 1.760600 ms  DeleteObjects: 0.057000 ms)

========================================================================
Received Import Request.
  Time since last request: 895.394676 seconds.
  path: Assets/TopDownShooter/ScriptableObjects
  artifactKey: Guid(2aa838fc37d19994486cb15628a14ef7) Importer(815301076,1909f56bfc062723c751e8b465ee728b)
Start importing Assets/TopDownShooter/ScriptableObjects using Guid(2aa838fc37d19994486cb15628a14ef7) Importer(815301076,1909f56bfc062723c751e8b465ee728b)  -> (artifact id: '39f6290f06a00e21090c137eeb2a5229') in 0.010511 seconds
  Import took 0.013750 seconds .

========================================================================
Received Import Request.
  Time since last request: 32.041634 seconds.
  path: Assets/TopDownShooter/ScriptableObjects/CameraSettings_Player.asset
  artifactKey: Guid(0d8b58360e7a10e4e8323fcf2b2497d6) Importer(815301076,1909f56bfc062723c751e8b465ee728b)
Start importing Assets/TopDownShooter/ScriptableObjects/CameraSettings_Player.asset using Guid(0d8b58360e7a10e4e8323fcf2b2497d6) Importer(815301076,1909f56bfc062723c751e8b465ee728b)  -> (artifact id: '6fee7688aa19a65e415599dee754b618') in 0.019505 seconds
  Import took 0.022019 seconds .

========================================================================
Received Import Request.
  Time since last request: 0.004104 seconds.
  path: Assets/TopDownShooter/ScriptableObjects/CameraSettings_Player.asset
  artifactKey: Guid(0d8b58360e7a10e4e8323fcf2b2497d6) Importer(815301076,1909f56bfc062723c751e8b465ee728b)
Start importing Assets/TopDownShooter/ScriptableObjects/CameraSettings_Player.asset using Guid(0d8b58360e7a10e4e8323fcf2b2497d6) Importer(815301076,1909f56bfc062723c751e8b465ee728b)  -> (artifact id: '6fee7688aa19a65e415599dee754b618') in 0.002895 seconds
  Import took 0.005235 seconds .

========================================================================
Received Import Request.
  Time since last request: 40.868810 seconds.
  path: Assets/TopDownShooter/ScriptableObjects/CameraSettings_LocalPlayer.asset
  artifactKey: Guid(0d8b58360e7a10e4e8323fcf2b2497d6) Importer(815301076,1909f56bfc062723c751e8b465ee728b)
Start importing Assets/TopDownShooter/ScriptableObjects/CameraSettings_LocalPlayer.asset using Guid(0d8b58360e7a10e4e8323fcf2b2497d6) Importer(815301076,1909f56bfc062723c751e8b465ee728b)  -> (artifact id: 'a143da5203e8f9435efa740ab67f9230') in 0.009052 seconds
  Import took 0.011718 seconds .

========================================================================
Received Import Request.
  Time since last request: 115.637945 seconds.
  path: Assets/TopDownShooter/Prefabs/LocalPlayer.prefab
  artifactKey: Guid(f12e52ca7d97e6e42a681361b6e8a603) Importer(815301076,1909f56bfc062723c751e8b465ee728b)
Start importing Assets/TopDownShooter/Prefabs/LocalPlayer.prefab using Guid(f12e52ca7d97e6e42a681361b6e8a603) Importer(815301076,1909f56bfc062723c751e8b465ee728b)  -> (artifact id: '04754e047bc17b0938ae9609b0c3e8a7') in 0.130928 seconds
  Import took 0.133430 seconds .

========================================================================
Received Import Request.
  Time since last request: 107.754594 seconds.
  path: Assets/TopDownShooter/Prefabs/LocalPlayer.prefab
  artifactKey: Guid(f12e52ca7d97e6e42a681361b6e8a603) Importer(815301076,1909f56bfc062723c751e8b465ee728b)
Start importing Assets/TopDownShooter/Prefabs/LocalPlayer.prefab using Guid(f12e52ca7d97e6e42a681361b6e8a603) Importer(815301076,1909f56bfc062723c751e8b465ee728b)  -> (artifact id: 'e85ec8e796f18f301a0fb9817ab1790e') in 0.050325 seconds
  Import took 0.052539 seconds .

========================================================================
Received Import Request.
  Time since last request: 34.680817 seconds.
  path: Assets/TopDownShooter/ScriptableObjects/CameraSettings_LocalPlayer.asset
  artifactKey: Guid(0d8b58360e7a10e4e8323fcf2b2497d6) Importer(815301076,1909f56bfc062723c751e8b465ee728b)
Start importing Assets/TopDownShooter/ScriptableObjects/CameraSettings_LocalPlayer.asset using Guid(0d8b58360e7a10e4e8323fcf2b2497d6) Importer(815301076,1909f56bfc062723c751e8b465ee728b)  -> (artifact id: 'd18168a7126be5de885331d7f0601ef2') in 0.003057 seconds
  Import took 0.005521 seconds .

========================================================================
Received Prepare
Registering precompiled user dll's ...
Registered in 0.000499 seconds.
Begin MonoManager ReloadAssembly
Native extension for WindowsStandalone target not found
Native extension for WebGL target not found
Refreshing native plugins compatible for Editor in 0.31 ms, found 0 plugins.
Preloading 0 native plugins for Editor in 0.00 ms.
Mono: successfully reloaded assembly
- Completed reload, in  0.842 seconds
Platform modules already initialized, skipping
Refreshing native plugins compatible for Editor in 0.19 ms, found 0 plugins.
Preloading 0 native plugins for Editor in 0.00 ms.
Unloading 1117 Unused Serialized files (Serialized files now loaded: 0)
System memory in use before: 60.5 MB.
System memory in use after: 60.5 MB.

Unloading 5 unused Assets to reduce memory usage. Loaded Objects now: 1593.
Total: 3.934600 ms (FindLiveObjects: 0.283100 ms CreateObjectMapping: 0.097600 ms MarkObjects: 3.351000 ms  DeleteObjects: 0.202000 ms)

========================================================================
Received Prepare
Registering precompiled user dll's ...
Registered in 0.000516 seconds.
Begin MonoManager ReloadAssembly
Native extension for WindowsStandalone target not found
Native extension for WebGL target not found
Refreshing native plugins compatible for Editor in 0.25 ms, found 0 plugins.
Preloading 0 native plugins for Editor in 0.00 ms.
Mono: successfully reloaded assembly
- Completed reload, in  0.845 seconds
Platform modules already initialized, skipping
Refreshing native plugins compatible for Editor in 0.20 ms, found 0 plugins.
Preloading 0 native plugins for Editor in 0.00 ms.
Unloading 1117 Unused Serialized files (Serialized files now loaded: 0)
System memory in use before: 60.5 MB.
System memory in use after: 60.6 MB.

Unloading 5 unused Assets to reduce memory usage. Loaded Objects now: 1596.
Total: 2.111200 ms (FindLiveObjects: 0.191900 ms CreateObjectMapping: 0.064800 ms MarkObjects: 1.800800 ms  DeleteObjects: 0.052900 ms)

========================================================================
Received Prepare
Registering precompiled user dll's ...
Registered in 0.000719 seconds.
Begin MonoManager ReloadAssembly
Native extension for WindowsStandalone target not found
Native extension for WebGL target not found
Refreshing native plugins compatible for Editor in 0.24 ms, found 0 plugins.
Preloading 0 native plugins for Editor in 0.00 ms.
Mono: successfully reloaded assembly
- Completed reload, in  0.874 seconds
Platform modules already initialized, skipping
Refreshing native plugins compatible for Editor in 0.21 ms, found 0 plugins.
Preloading 0 native plugins for Editor in 0.00 ms.
Unloading 1117 Unused Serialized files (Serialized files now loaded: 0)
System memory in use before: 60.5 MB.
System memory in use after: 60.6 MB.

Unloading 5 unused Assets to reduce memory usage. Loaded Objects now: 1599.
Total: 2.057700 ms (FindLiveObjects: 0.160400 ms CreateObjectMapping: 0.040900 ms MarkObjects: 1.800700 ms  DeleteObjects: 0.054500 ms)

========================================================================
Received Prepare
Registering precompiled user dll's ...
Registered in 0.000867 seconds.
Begin MonoManager ReloadAssembly
Native extension for WindowsStandalone target not found
Native extension for WebGL target not found
Refreshing native plugins compatible for Editor in 0.21 ms, found 0 plugins.
Preloading 0 native plugins for Editor in 0.00 ms.
Mono: successfully reloaded assembly
- Completed reload, in  1.087 seconds
Platform modules already initialized, skipping
Refreshing native plugins compatible for Editor in 0.37 ms, found 0 plugins.
Preloading 0 native plugins for Editor in 0.00 ms.
Unloading 1117 Unused Serialized files (Serialized files now loaded: 0)
System memory in use before: 60.5 MB.
System memory in use after: 60.6 MB.

Unloading 5 unused Assets to reduce memory usage. Loaded Objects now: 1602.
Total: 2.131700 ms (FindLiveObjects: 0.172200 ms CreateObjectMapping: 0.045000 ms MarkObjects: 1.865500 ms  DeleteObjects: 0.047800 ms)

========================================================================
Received Prepare
Registering precompiled user dll's ...
Registered in 0.001040 seconds.
Begin MonoManager ReloadAssembly
Native extension for WindowsStandalone target not found
Native extension for WebGL target not found
Refreshing native plugins compatible for Editor in 0.50 ms, found 0 plugins.
Preloading 0 native plugins for Editor in 0.00 ms.
Mono: successfully reloaded assembly
- Completed reload, in  0.923 seconds
Platform modules already initialized, skipping
Refreshing native plugins compatible for Editor in 0.24 ms, found 0 plugins.
Preloading 0 native plugins for Editor in 0.00 ms.
Unloading 1117 Unused Serialized files (Serialized files now loaded: 0)
System memory in use before: 60.5 MB.
System memory in use after: 60.6 MB.

Unloading 5 unused Assets to reduce memory usage. Loaded Objects now: 1605.
Total: 1.890600 ms (FindLiveObjects: 0.198900 ms CreateObjectMapping: 0.056400 ms MarkObjects: 1.544400 ms  DeleteObjects: 0.089500 ms)

========================================================================
Received Prepare
Registering precompiled user dll's ...
Registered in 0.000500 seconds.
Begin MonoManager ReloadAssembly
Native extension for WindowsStandalone target not found
Native extension for WebGL target not found
Refreshing native plugins compatible for Editor in 0.20 ms, found 0 plugins.
Preloading 0 native plugins for Editor in 0.00 ms.
Mono: successfully reloaded assembly
- Completed reload, in  0.863 seconds
Platform modules already initialized, skipping
Refreshing native plugins compatible for Editor in 0.21 ms, found 0 plugins.
Preloading 0 native plugins for Editor in 0.00 ms.
Unloading 1117 Unused Serialized files (Serialized files now loaded: 0)
System memory in use before: 60.5 MB.
System memory in use after: 60.6 MB.

Unloading 5 unused Assets to reduce memory usage. Loaded Objects now: 1608.
Total: 1.881500 ms (FindLiveObjects: 0.162400 ms CreateObjectMapping: 0.045000 ms MarkObjects: 1.564600 ms  DeleteObjects: 0.108300 ms)

========================================================================
Received Prepare
Registering precompiled user dll's ...
Registered in 0.000529 seconds.
Begin MonoManager ReloadAssembly
Native extension for WindowsStandalone target not found
Native extension for WebGL target not found
Refreshing native plugins compatible for Editor in 0.20 ms, found 0 plugins.
Preloading 0 native plugins for Editor in 0.00 ms.
Mono: successfully reloaded assembly
- Completed reload, in  0.829 seconds
Platform modules already initialized, skipping
Refreshing native plugins compatible for Editor in 0.20 ms, found 0 plugins.
Preloading 0 native plugins for Editor in 0.00 ms.
Unloading 1117 Unused Serialized files (Serialized files now loaded: 0)
System memory in use before: 60.5 MB.
System memory in use after: 60.6 MB.

Unloading 5 unused Assets to reduce memory usage. Loaded Objects now: 1611.
Total: 2.096400 ms (FindLiveObjects: 0.153500 ms CreateObjectMapping: 0.048500 ms MarkObjects: 1.819500 ms  DeleteObjects: 0.073400 ms)

